[2012-05-10 23:46:53 +0200] [DEBUG] [SimpleLogger] - Logger initialized with logging threshold: DEBUG
[2012-05-10 23:46:53 +0200] [DEBUG] [DatabaseAdapter] - Peer found in db: 4fab080f16b17c7b56000001
[2012-05-10 23:46:53 +0200] [INFO] [Election] - Starting election
[2012-05-10 23:46:53 +0200] [INFO] [JobGenerator] - Reloading tasks
[2012-05-10 23:46:53 +0200] [DEBUG] [JobGenerator] - Old tasks: 
[2012-05-10 23:46:53 +0200] [DEBUG] [Election] - waiting for election
[2012-05-10 23:46:53 +0200] [DEBUG] [JobGenerator] - New tasks: testing task3, testing task, 
[2012-05-10 23:46:53 +0200] [DEBUG] [JobGenerator] - Generating job for task testing task3
[2012-05-10 23:46:53 +0200] [DEBUG] [JobGenerator] - Generating job for task testing task
[2012-05-10 23:46:56 +0200] [DEBUG] [Election] - end of waiting for election. heard_from_higher?: false
[2012-05-10 23:46:56 +0200] [DEBUG] [Election] - broadcasting that I AM THE MASTER
[2012-05-10 23:46:56 +0200] [DEBUG] [Kernel] - Got msg from [127.0.0.1:10000 4fab080f16b17c7b56000001]): election.msg_master
[2012-05-10 23:46:56 +0200] [INFO] [Election] - ok, [127.0.0.1:10000 4fab080f16b17c7b56000001] is master.
[2012-05-10 23:46:56 +0200] [INFO] [Kernel] - I am becoming master now!
[2012-05-10 23:46:56 +0200] [DEBUG] [TaskScheduler] - Rescheduling tasks
[2012-05-10 23:46:56 +0200] [DEBUG] [Kernel] - Got msg from [127.0.0.1:10000 4fab080f16b17c7b56000001]): task.update
[2012-05-10 23:46:56 +0200] [INFO] [JobGenerator] - Reloading tasks
[2012-05-10 23:46:56 +0200] [DEBUG] [JobGenerator] - Old tasks: testing task3, testing task, 
[2012-05-10 23:46:56 +0200] [DEBUG] [JobGenerator] - New tasks: testing task3, testing task, 
[2012-05-10 23:47:04 +0200] [DEBUG] [JobGenerator] - Generating job for task testing task3
[2012-05-10 23:47:14 +0200] [DEBUG] [JobGenerator] - Generating job for task testing task
[2012-05-10 23:47:15 +0200] [DEBUG] [JobGenerator] - Generating job for task testing task3
[2012-05-10 23:47:26 +0200] [DEBUG] [JobGenerator] - Generating job for task testing task3
[2012-05-10 23:47:35 +0200] [DEBUG] [JobGenerator] - Generating job for task testing task
[2012-05-10 23:47:37 +0200] [DEBUG] [JobGenerator] - Generating job for task testing task3
[2012-05-10 23:47:48 +0200] [DEBUG] [JobGenerator] - Generating job for task testing task3
[2012-05-10 23:47:56 +0200] [DEBUG] [JobGenerator] - Generating job for task testing task
[2012-05-10 23:47:59 +0200] [DEBUG] [JobGenerator] - Generating job for task testing task3
[2012-05-10 23:48:17 +0200] [DEBUG] [SimpleLogger] - Logger initialized with logging threshold: DEBUG
[2012-05-10 23:48:17 +0200] [DEBUG] [DatabaseAdapter] - Peer found in db: 4fab080f16b17c7b56000001
[2012-05-10 23:48:17 +0200] [INFO] [JobGenerator] - Reloading tasks
[2012-05-10 23:48:17 +0200] [DEBUG] [JobGenerator] - Old tasks: 
[2012-05-10 23:48:17 +0200] [INFO] [Election] - Starting election
[2012-05-10 23:48:17 +0200] [DEBUG] [JobGenerator] - New tasks: testing task3, testing task, 
[2012-05-10 23:48:17 +0200] [DEBUG] [JobGenerator] - Generating job for task testing task3
[2012-05-10 23:48:17 +0200] [DEBUG] [Election] - waiting for election
[2012-05-10 23:48:17 +0200] [DEBUG] [JobGenerator] - Generating job for task testing task
[2012-05-10 23:48:20 +0200] [DEBUG] [Election] - end of waiting for election. heard_from_higher?: false
[2012-05-10 23:48:20 +0200] [DEBUG] [Election] - broadcasting that I AM THE MASTER
[2012-05-10 23:48:20 +0200] [DEBUG] [Kernel] - Got msg from [127.0.0.1:10000 4fab080f16b17c7b56000001]): election.msg_master
[2012-05-10 23:48:20 +0200] [INFO] [Election] - ok, [127.0.0.1:10000 4fab080f16b17c7b56000001] is master.
[2012-05-10 23:48:20 +0200] [INFO] [Kernel] - I am becoming master now!
[2012-05-10 23:48:20 +0200] [DEBUG] [TaskScheduler] - Rescheduling tasks
[2012-05-10 23:48:20 +0200] [DEBUG] [Kernel] - Got msg from [127.0.0.1:10000 4fab080f16b17c7b56000001]): task.update
[2012-05-10 23:48:20 +0200] [INFO] [JobGenerator] - Reloading tasks
[2012-05-10 23:48:20 +0200] [DEBUG] [JobGenerator] - Old tasks: testing task3, testing task, 
[2012-05-10 23:48:20 +0200] [DEBUG] [JobGenerator] - New tasks: testing task3, testing task, 
[2012-05-10 23:48:32 +0200] [DEBUG] [SimpleLogger] - Logger initialized with logging threshold: DEBUG
[2012-05-10 23:48:32 +0200] [DEBUG] [DatabaseAdapter] - Peer found in db: 4fab080f16b17c7b56000001
[2012-05-10 23:48:32 +0200] [INFO] [JobGenerator] - Reloading tasks
[2012-05-10 23:48:32 +0200] [DEBUG] [JobGenerator] - Old tasks: 
[2012-05-10 23:48:32 +0200] [INFO] [Election] - Starting election
[2012-05-10 23:48:32 +0200] [DEBUG] [JobGenerator] - New tasks: testing task3, testing task, 
[2012-05-10 23:48:32 +0200] [DEBUG] [JobGenerator] - Generating job for task testing task3
[2012-05-10 23:48:32 +0200] [DEBUG] [Election] - waiting for election
[2012-05-10 23:48:32 +0200] [DEBUG] [JobGenerator] - Generating job for task testing task
[2012-05-10 23:48:52 +0200] [DEBUG] [SimpleLogger] - Logger initialized with logging threshold: DEBUG
[2012-05-10 23:48:52 +0200] [DEBUG] [DatabaseAdapter] - Peer found in db: 4fab080f16b17c7b56000001
[2012-05-10 23:48:52 +0200] [INFO] [Election] - Starting election
[2012-05-10 23:48:52 +0200] [INFO] [JobGenerator] - Reloading tasks
[2012-05-10 23:48:52 +0200] [DEBUG] [JobGenerator] - Old tasks: 
[2012-05-10 23:48:53 +0200] [DEBUG] [JobGenerator] - New tasks: testing task3, testing task, 
[2012-05-10 23:48:53 +0200] [DEBUG] [JobGenerator] - Generating job for task testing task3
[2012-05-10 23:48:53 +0200] [DEBUG] [Election] - waiting for election
[2012-05-10 23:48:53 +0200] [DEBUG] [JobGenerator] - Generating job for task testing task
[2012-05-10 23:48:56 +0200] [DEBUG] [Election] - end of waiting for election. heard_from_higher?: false
[2012-05-10 23:48:56 +0200] [DEBUG] [Election] - broadcasting that I AM THE MASTER
[2012-05-10 23:48:56 +0200] [DEBUG] [Kernel] - Got msg from [127.0.0.1:10000 4fab080f16b17c7b56000001]): election.msg_master
[2012-05-10 23:48:56 +0200] [INFO] [Election] - ok, [127.0.0.1:10000 4fab080f16b17c7b56000001] is master.
[2012-05-10 23:48:56 +0200] [INFO] [Kernel] - I am becoming master now!
[2012-05-10 23:48:56 +0200] [DEBUG] [TaskScheduler] - Rescheduling tasks
[2012-05-10 23:48:56 +0200] [DEBUG] [Kernel] - Got msg from [127.0.0.1:10000 4fab080f16b17c7b56000001]): task.update
[2012-05-10 23:48:56 +0200] [INFO] [JobGenerator] - Reloading tasks
[2012-05-10 23:48:56 +0200] [DEBUG] [JobGenerator] - Old tasks: testing task3, testing task, 
[2012-05-10 23:48:56 +0200] [DEBUG] [JobGenerator] - New tasks: testing task3, testing task, 
[2012-05-10 23:49:12 +0200] [DEBUG] [SimpleLogger] - Logger initialized with logging threshold: DEBUG
[2012-05-10 23:49:12 +0200] [DEBUG] [DatabaseAdapter] - Peer found in db: 4fab080f16b17c7b56000001
[2012-05-10 23:49:12 +0200] [INFO] [JobGenerator] - Reloading tasks
[2012-05-10 23:49:12 +0200] [INFO] [Election] - Starting election
[2012-05-10 23:49:12 +0200] [DEBUG] [JobGenerator] - Old tasks: 
[2012-05-10 23:49:12 +0200] [DEBUG] [Election] - waiting for election
[2012-05-10 23:49:12 +0200] [DEBUG] [JobGenerator] - New tasks: testing task3, testing task, 
[2012-05-10 23:49:12 +0200] [DEBUG] [JobGenerator] - Generating job for task testing task3
[2012-05-10 23:49:12 +0200] [DEBUG] [JobGenerator] - Generating job for task testing task
[2012-05-10 23:49:15 +0200] [DEBUG] [Election] - end of waiting for election. heard_from_higher?: false
[2012-05-10 23:49:15 +0200] [DEBUG] [Election] - broadcasting that I AM THE MASTER
[2012-05-10 23:49:15 +0200] [DEBUG] [Kernel] - Got msg from [127.0.0.1:10000 4fab080f16b17c7b56000001]): election.msg_master
[2012-05-10 23:49:15 +0200] [INFO] [Election] - ok, [127.0.0.1:10000 4fab080f16b17c7b56000001] is master.
[2012-05-10 23:49:15 +0200] [INFO] [Kernel] - I am becoming master now!
[2012-05-10 23:49:15 +0200] [DEBUG] [TaskScheduler] - Rescheduling tasks
[2012-05-10 23:49:15 +0200] [DEBUG] [Kernel] - Got msg from [127.0.0.1:10000 4fab080f16b17c7b56000001]): task.update
[2012-05-10 23:49:15 +0200] [INFO] [JobGenerator] - Reloading tasks
[2012-05-10 23:49:15 +0200] [DEBUG] [JobGenerator] - Old tasks: testing task3, testing task, 
[2012-05-10 23:49:15 +0200] [DEBUG] [JobGenerator] - New tasks: testing task3, testing task, 
[2012-05-10 23:49:23 +0200] [DEBUG] [JobGenerator] - Generating job for task testing task3
[2012-05-10 23:51:25 +0200] [DEBUG] [SimpleLogger] - Logger initialized with logging threshold: DEBUG
[2012-05-10 23:51:25 +0200] [DEBUG] [DatabaseAdapter] - Peer found in db: 4fab080f16b17c7b56000001
[2012-05-10 23:51:25 +0200] [INFO] [JobGenerator] - Reloading tasks
[2012-05-10 23:51:25 +0200] [DEBUG] [JobGenerator] - Old tasks: 
[2012-05-10 23:51:25 +0200] [INFO] [Election] - Starting election
[2012-05-10 23:51:25 +0200] [DEBUG] [Election] - waiting for election
[2012-05-10 23:51:25 +0200] [DEBUG] [JobGenerator] - New tasks: testing task3, testing task, 
[2012-05-10 23:51:25 +0200] [DEBUG] [JobGenerator] - Generating job for task testing task3
[2012-05-10 23:51:25 +0200] [DEBUG] [JobGenerator] - Generating job for task testing task
[2012-05-10 23:51:28 +0200] [DEBUG] [Election] - end of waiting for election. heard_from_higher?: false
[2012-05-10 23:51:28 +0200] [DEBUG] [Election] - broadcasting that I AM THE MASTER
[2012-05-10 23:51:28 +0200] [DEBUG] [Kernel] - Got msg from [127.0.0.1:10000 4fab080f16b17c7b56000001]): election.msg_master
[2012-05-10 23:51:28 +0200] [INFO] [Election] - ok, [127.0.0.1:10000 4fab080f16b17c7b56000001] is master.
[2012-05-10 23:51:28 +0200] [INFO] [Kernel] - I am becoming master now!
[2012-05-10 23:51:28 +0200] [DEBUG] [TaskScheduler] - Rescheduling tasks
[2012-05-10 23:51:28 +0200] [DEBUG] [Kernel] - Got msg from [127.0.0.1:10000 4fab080f16b17c7b56000001]): task.update
[2012-05-10 23:51:28 +0200] [INFO] [JobGenerator] - Reloading tasks
[2012-05-10 23:51:28 +0200] [DEBUG] [JobGenerator] - Old tasks: testing task3, testing task, 
[2012-05-10 23:51:28 +0200] [DEBUG] [JobGenerator] - New tasks: testing task3, testing task, 
[2012-05-10 23:51:36 +0200] [DEBUG] [JobGenerator] - Generating job for task testing task3
[2012-05-10 23:51:46 +0200] [DEBUG] [JobGenerator] - Generating job for task testing task
[2012-05-10 23:51:47 +0200] [DEBUG] [JobGenerator] - Generating job for task testing task3
[2012-05-10 23:51:58 +0200] [DEBUG] [JobGenerator] - Generating job for task testing task3
[2012-05-10 23:52:07 +0200] [DEBUG] [JobGenerator] - Generating job for task testing task
[2012-05-10 23:52:09 +0200] [DEBUG] [JobGenerator] - Generating job for task testing task3
[2012-05-10 23:52:20 +0200] [DEBUG] [JobGenerator] - Generating job for task testing task3
[2012-05-10 23:52:28 +0200] [DEBUG] [JobGenerator] - Generating job for task testing task
[2012-05-10 23:52:31 +0200] [DEBUG] [JobGenerator] - Generating job for task testing task3
